2025-11-05 10:15:09.315 xcodebuild[79174:4623659]  DVTFilePathFSEvents: Failed to start fs event stream.
2025-11-05 10:15:09.488 xcodebuild[79174:4623657] [MT] DVTDeveloperPaths: Failed to get length of DARWIN_USER_CACHE_DIR from confstr(3), error = Error Domain=NSPOSIXErrorDomain Code=5 "Input/output error". Using NSCachesDirectory instead.
2025-11-05 10:15:09.805 xcodebuild[79174:4623659] CoreSimulatorService connection became invalid.  Simulator services will no longer be available.
2025-11-05 10:15:09.806 xcodebuild[79174:4623659] Logging connecton invalid: <OS_xpc_error: <dictionary: 0x209d27c30> { count = 1, transaction: 0, voucher = 0x0, contents =
	"XPCErrorDescription" => <string: 0x209d27d78> { string cache = 0x0, length = 18, contents = "Connection invalid" }
}>
2025-11-05 10:15:09.806 xcodebuild[79174:4623659] Error opening log file (/Users/user/Library/Logs/CoreSimulator/CoreSimulator.com.apple.dt.xcodebuild.log): Operation not permitted
[-[SimServiceContext sendRequest:]:1743] ERROR : Unable to deliver request ({
    "developer_dir" = "/Applications/Xcode.app/Contents/Developer";
    request = "set_developer_dir";
}) because we are not connected to CoreSimulatorService.
Command line invocation:
    /Applications/Xcode.app/Contents/Developer/usr/bin/xcodebuild -scheme CornerAssistantApp -project CornerAssistantApp/CornerAssistantApp.xcodeproj -configuration Release -derivedDataPath build CODE_SIGNING_ALLOWED=NO clean build

Build settings from command line:
    CODE_SIGNING_ALLOWED = NO

2025-11-05 10:15:09.855 xcodebuild[79174:4623657] [MT] DVTAssertions: Warning in DVTFrameworks/DVTFoundation/FileTypes/DVTFileDataTypeDetection.m:79
Details:  detectedTypeIdentifier (com.apple.binary-property-list) does not conform to matchedTypeIdentifier in MagicFileDataTypeDetector extenson com.apple.property-list. When both are specified, this conformance is required unless overridden by setting allowNonInheritance. extension.identifier:Xcode.MagicFileDataTypeDetector.BinaryPlist
Object:   <DVTFileDataTypeDetectionMagicCache: 0xc7bce47b0>
Method:   -initWithExtension:
Thread:   <_NSMainThread: 0x10163d380>{number = 1, name = main}
Please file a bug at https://feedbackassistant.apple.com with this warning message and any useful information you can provide.
2025-11-05 10:15:09.857 xcodebuild[79174:4623657] [MT] DVTAssertions: Warning in DVTFrameworks/DVTFoundation/FileTypes/DVTFileDataTypeDetection.m:79
Details:  detectedTypeIdentifier (com.apple.xml-property-list) does not conform to matchedTypeIdentifier in MagicFileDataTypeDetector extenson com.apple.property-list. When both are specified, this conformance is required unless overridden by setting allowNonInheritance. extension.identifier:Xcode.MagicFileDataTypeDetector.XMLPlist
Object:   <DVTFileDataTypeDetectionMagicCache: 0xc7bce5dd0>
Method:   -initWithExtension:
Thread:   <_NSMainThread: 0x10163d380>{number = 1, name = main}
Please file a bug at https://feedbackassistant.apple.com with this warning message and any useful information you can provide.
[-[SimServiceContext initWithDeveloperDir:connectionType:error:]:450] WARN  : Unable to discover any Simulator runtimes. Developer Directory is /Applications/Xcode.app/Contents/Developer.
[-[SimDiskImageManager init]:175] ERROR : Could not kickstart simdiskimaged; SimDiskImageManager services will not be available: Error Domain=NSPOSIXErrorDomain Code=53 "Software caused connection abort" UserInfo={NSLocalizedDescription=Error returned in reply from CoreSimulatorService: Connection invalid}
[-[SimDiskImageManager _onQueue_checkConnection:]:239] ERROR : simdiskimaged returned error (invalid), marking disconnected.
[-[SimDiskImageManager _onQueue_checkConnection:]:239] ERROR : simdiskimaged returned error (invalid), marking disconnected.
[-[SimServiceContext initWithDeveloperDir:connectionType:error:]_block_invoke:486] ERROR : Could not get list of trusted mount directories: Error Domain=com.apple.CoreSimulator.SimError Code=410 "The service used to manage runtime disk images (simdiskimaged) crashed or is not responding" UserInfo={NSLocalizedDescription=The service used to manage runtime disk images (simdiskimaged) crashed or is not responding}
[-[SimServiceContext sendRequest:reply:error:]:1763] ERROR : Unable to deliver request ({
    request = "notification_subscription";
    "set_path" = "/Users/user/Library/Developer/CoreSimulator/Devices";
}) because we are not connected to CoreSimulatorService.
2025-11-05 10:15:09.866 xcodebuild[79174:4623659] Error Domain=NSPOSIXErrorDomain Code=61 "Connection refused" UserInfo={NSLocalizedDescription=CoreSimulatorService connection became invalid.  Simulator services will no longer be available.}
[-[SimServiceContext sendRequest:reply:error:]:1763] ERROR : Unable to deliver request ({
    request = "notification_subscription";
    "set_path" = "/Users/user/Library/Developer/CoreSimulator/Devices";
}) because we are not connected to CoreSimulatorService.
2025-11-05 10:15:09.868 xcodebuild[79174:4623659]  iOSSimulator: [SimServiceContext defaultDeviceSetWithError:] returned nil (Error Domain=NSPOSIXErrorDomain Code=61 "Connection refused" UserInfo={NSLocalizedFailureReason=Failed to subscribe to notifications from CoreSimulatorService., NSLocalizedDescription=Failed to initialize simulator device set., NSUnderlyingError=0xc7bcd48d0 {Error Domain=NSPOSIXErrorDomain Code=61 "Connection refused" UserInfo={NSLocalizedDescription=CoreSimulatorService connection became invalid.  Simulator services will no longer be available.}}}). Simulator device support disabled.
2025-11-05 10:15:09.868 xcodebuild[79174:4623660] Error Domain=NSPOSIXErrorDomain Code=61 "Connection refused" UserInfo={NSLocalizedDescription=CoreSimulatorService connection became invalid.  Simulator services will no longer be available.}
2025-11-05 10:15:09.868 xcodebuild[79174:4623660]  IDESimulatorAvailability: startObservingSimulatorUpdates() FAILED to register SimDeviceSet observer
2025-11-05 10:15:10.091 xcodebuild[79174:4623657] [MT] IDERunDestination: Supported platforms for the buildables in the current scheme is empty.
--- xcodebuild: WARNING: Using the first of multiple matching destinations:
{ platform:macOS, arch:arm64, id:00006001-001209203404801E, name:My Mac }
{ platform:macOS, arch:x86_64, id:00006001-001209203404801E, name:My Mac }
{ platform:macOS, name:Any Mac }
CreateBuildRequest

SendProjectDescription

CreateBuildOperation

** CLEAN SUCCEEDED **

--- xcodebuild: WARNING: Using the first of multiple matching destinations:
{ platform:macOS, arch:arm64, id:00006001-001209203404801E, name:My Mac }
{ platform:macOS, arch:x86_64, id:00006001-001209203404801E, name:My Mac }
{ platform:macOS, name:Any Mac }
ComputePackagePrebuildTargetDependencyGraph

Prepare packages

CreateBuildRequest

SendProjectDescription

CreateBuildOperation

ComputeTargetDependencyGraph
note: Building targets in dependency order
note: Target dependency graph (1 target)
    Target 'CornerAssistantApp' in project 'CornerAssistantApp' (no dependencies)

GatherProvisioningInputs

CreateBuildDescription

ExecuteExternalTool /Applications/Xcode.app/Contents/Developer/Toolchains/XcodeDefault.xctoolchain/usr/bin/clang -v -E -dM -isysroot /Applications/Xcode.app/Contents/Developer/Platforms/MacOSX.platform/Developer/SDKs/MacOSX26.0.sdk -x c -c /dev/null

ExecuteExternalTool /Applications/Xcode.app/Contents/Developer/usr/bin/actool --version --output-format xml1

ExecuteExternalTool /Applications/Xcode.app/Contents/Developer/Toolchains/XcodeDefault.xctoolchain/usr/bin/swiftc --version

ExecuteExternalTool /Applications/Xcode.app/Contents/Developer/Toolchains/XcodeDefault.xctoolchain/usr/bin/ld -version_details

Build description signature: 4d019c75736eeb187b85f8e1403ff28f
Build description path: /Users/user/project/slidepad/build/Build/Intermediates.noindex/XCBuildData/4d019c75736eeb187b85f8e1403ff28f.xcbuilddata
ClangStatCache /Applications/Xcode.app/Contents/Developer/Toolchains/XcodeDefault.xctoolchain/usr/bin/clang-stat-cache /Applications/Xcode.app/Contents/Developer/Platforms/MacOSX.platform/Developer/SDKs/MacOSX26.0.sdk /Users/user/project/slidepad/build/SDKStatCaches.noindex/macosx26.0-25A352-28806144b0707e398aac92880fa50324.sdkstatcache
    cd /Users/user/project/slidepad/CornerAssistantApp/CornerAssistantApp.xcodeproj
    /Applications/Xcode.app/Contents/Developer/Toolchains/XcodeDefault.xctoolchain/usr/bin/clang-stat-cache /Applications/Xcode.app/Contents/Developer/Platforms/MacOSX.platform/Developer/SDKs/MacOSX26.0.sdk -o /Users/user/project/slidepad/build/SDKStatCaches.noindex/macosx26.0-25A352-28806144b0707e398aac92880fa50324.sdkstatcache
Failed to create FS event stream. Considering the cache up-to-date.

CreateBuildDirectory /Users/user/project/slidepad/build/Build/Products
    cd /Users/user/project/slidepad/CornerAssistantApp/CornerAssistantApp.xcodeproj
    builtin-create-build-directory /Users/user/project/slidepad/build/Build/Products

CreateBuildDirectory /Users/user/project/slidepad/build/Build/Intermediates.noindex
    cd /Users/user/project/slidepad/CornerAssistantApp/CornerAssistantApp.xcodeproj
    builtin-create-build-directory /Users/user/project/slidepad/build/Build/Intermediates.noindex

CreateBuildDirectory /Users/user/project/slidepad/build/Build/Intermediates.noindex/SwiftExplicitPrecompiledModules
    cd /Users/user/project/slidepad/CornerAssistantApp/CornerAssistantApp.xcodeproj
    builtin-create-build-directory /Users/user/project/slidepad/build/Build/Intermediates.noindex/SwiftExplicitPrecompiledModules

CreateBuildDirectory /Users/user/project/slidepad/build/Build/Intermediates.noindex/ExplicitPrecompiledModules
    cd /Users/user/project/slidepad/CornerAssistantApp/CornerAssistantApp.xcodeproj
    builtin-create-build-directory /Users/user/project/slidepad/build/Build/Intermediates.noindex/ExplicitPrecompiledModules

CreateBuildDirectory /Users/user/project/slidepad/build/Build/Intermediates.noindex/EagerLinkingTBDs/Release
    cd /Users/user/project/slidepad/CornerAssistantApp/CornerAssistantApp.xcodeproj
    builtin-create-build-directory /Users/user/project/slidepad/build/Build/Intermediates.noindex/EagerLinkingTBDs/Release

WriteAuxiliaryFile /Users/user/project/slidepad/build/Build/Intermediates.noindex/CornerAssistantApp.build/Release/CornerAssistantApp-5c4899aeeb2c8e3e7c1582c1a2d05cd2-VFS/all-product-headers.yaml
    cd /Users/user/project/slidepad/CornerAssistantApp/CornerAssistantApp.xcodeproj
    write-file /Users/user/project/slidepad/build/Build/Intermediates.noindex/CornerAssistantApp.build/Release/CornerAssistantApp-5c4899aeeb2c8e3e7c1582c1a2d05cd2-VFS/all-product-headers.yaml

CreateBuildDirectory /Users/user/project/slidepad/build/Build/Products/Release
    cd /Users/user/project/slidepad/CornerAssistantApp/CornerAssistantApp.xcodeproj
    builtin-create-build-directory /Users/user/project/slidepad/build/Build/Products/Release

WriteAuxiliaryFile /Users/user/project/slidepad/build/Build/Intermediates.noindex/CornerAssistantApp.build/Release/CornerAssistantApp.build/empty-CornerAssistantApp.plist (in target 'CornerAssistantApp' from project 'CornerAssistantApp')
    cd /Users/user/project/slidepad/CornerAssistantApp
    write-file /Users/user/project/slidepad/build/Build/Intermediates.noindex/CornerAssistantApp.build/Release/CornerAssistantApp.build/empty-CornerAssistantApp.plist

WriteAuxiliaryFile /Users/user/project/slidepad/build/Build/Intermediates.noindex/CornerAssistantApp.build/Release/CornerAssistantApp.build/Objects-normal/arm64/CornerAssistantApp_const_extract_protocols.json (in target 'CornerAssistantApp' from project 'CornerAssistantApp')
    cd /Users/user/project/slidepad/CornerAssistantApp
    write-file /Users/user/project/slidepad/build/Build/Intermediates.noindex/CornerAssistantApp.build/Release/CornerAssistantApp.build/Objects-normal/arm64/CornerAssistantApp_const_extract_protocols.json

WriteAuxiliaryFile /Users/user/project/slidepad/build/Build/Intermediates.noindex/CornerAssistantApp.build/Release/CornerAssistantApp.build/Objects-normal/arm64/CornerAssistantApp.SwiftFileList (in target 'CornerAssistantApp' from project 'CornerAssistantApp')
    cd /Users/user/project/slidepad/CornerAssistantApp
    write-file /Users/user/project/slidepad/build/Build/Intermediates.noindex/CornerAssistantApp.build/Release/CornerAssistantApp.build/Objects-normal/arm64/CornerAssistantApp.SwiftFileList

WriteAuxiliaryFile /Users/user/project/slidepad/build/Build/Intermediates.noindex/CornerAssistantApp.build/Release/CornerAssistantApp.build/Objects-normal/arm64/CornerAssistantApp.SwiftConstValuesFileList (in target 'CornerAssistantApp' from project 'CornerAssistantApp')
    cd /Users/user/project/slidepad/CornerAssistantApp
    write-file /Users/user/project/slidepad/build/Build/Intermediates.noindex/CornerAssistantApp.build/Release/CornerAssistantApp.build/Objects-normal/arm64/CornerAssistantApp.SwiftConstValuesFileList

WriteAuxiliaryFile /Users/user/project/slidepad/build/Build/Intermediates.noindex/CornerAssistantApp.build/Release/CornerAssistantApp.build/Objects-normal/arm64/CornerAssistantApp.LinkFileList (in target 'CornerAssistantApp' from project 'CornerAssistantApp')
    cd /Users/user/project/slidepad/CornerAssistantApp
    write-file /Users/user/project/slidepad/build/Build/Intermediates.noindex/CornerAssistantApp.build/Release/CornerAssistantApp.build/Objects-normal/arm64/CornerAssistantApp.LinkFileList

WriteAuxiliaryFile /Users/user/project/slidepad/build/Build/Intermediates.noindex/CornerAssistantApp.build/Release/CornerAssistantApp.build/Objects-normal/arm64/CornerAssistantApp-OutputFileMap.json (in target 'CornerAssistantApp' from project 'CornerAssistantApp')
    cd /Users/user/project/slidepad/CornerAssistantApp
    write-file /Users/user/project/slidepad/build/Build/Intermediates.noindex/CornerAssistantApp.build/Release/CornerAssistantApp.build/Objects-normal/arm64/CornerAssistantApp-OutputFileMap.json

WriteAuxiliaryFile /Users/user/project/slidepad/build/Build/Intermediates.noindex/CornerAssistantApp.build/Release/CornerAssistantApp.build/CornerAssistantApp.hmap (in target 'CornerAssistantApp' from project 'CornerAssistantApp')
    cd /Users/user/project/slidepad/CornerAssistantApp
    write-file /Users/user/project/slidepad/build/Build/Intermediates.noindex/CornerAssistantApp.build/Release/CornerAssistantApp.build/CornerAssistantApp.hmap

WriteAuxiliaryFile /Users/user/project/slidepad/build/Build/Intermediates.noindex/CornerAssistantApp.build/Release/CornerAssistantApp.build/CornerAssistantApp.DependencyStaticMetadataFileList (in target 'CornerAssistantApp' from project 'CornerAssistantApp')
    cd /Users/user/project/slidepad/CornerAssistantApp
    write-file /Users/user/project/slidepad/build/Build/Intermediates.noindex/CornerAssistantApp.build/Release/CornerAssistantApp.build/CornerAssistantApp.DependencyStaticMetadataFileList

WriteAuxiliaryFile /Users/user/project/slidepad/build/Build/Intermediates.noindex/CornerAssistantApp.build/Release/CornerAssistantApp.build/CornerAssistantApp.DependencyMetadataFileList (in target 'CornerAssistantApp' from project 'CornerAssistantApp')
    cd /Users/user/project/slidepad/CornerAssistantApp
    write-file /Users/user/project/slidepad/build/Build/Intermediates.noindex/CornerAssistantApp.build/Release/CornerAssistantApp.build/CornerAssistantApp.DependencyMetadataFileList

WriteAuxiliaryFile /Users/user/project/slidepad/build/Build/Intermediates.noindex/CornerAssistantApp.build/Release/CornerAssistantApp.build/CornerAssistantApp-project-headers.hmap (in target 'CornerAssistantApp' from project 'CornerAssistantApp')
    cd /Users/user/project/slidepad/CornerAssistantApp
    write-file /Users/user/project/slidepad/build/Build/Intermediates.noindex/CornerAssistantApp.build/Release/CornerAssistantApp.build/CornerAssistantApp-project-headers.hmap

WriteAuxiliaryFile /Users/user/project/slidepad/build/Build/Intermediates.noindex/CornerAssistantApp.build/Release/CornerAssistantApp.build/CornerAssistantApp-own-target-headers.hmap (in target 'CornerAssistantApp' from project 'CornerAssistantApp')
    cd /Users/user/project/slidepad/CornerAssistantApp
    write-file /Users/user/project/slidepad/build/Build/Intermediates.noindex/CornerAssistantApp.build/Release/CornerAssistantApp.build/CornerAssistantApp-own-target-headers.hmap

WriteAuxiliaryFile /Users/user/project/slidepad/build/Build/Intermediates.noindex/CornerAssistantApp.build/Release/CornerAssistantApp.build/CornerAssistantApp-generated-files.hmap (in target 'CornerAssistantApp' from project 'CornerAssistantApp')
    cd /Users/user/project/slidepad/CornerAssistantApp
    write-file /Users/user/project/slidepad/build/Build/Intermediates.noindex/CornerAssistantApp.build/Release/CornerAssistantApp.build/CornerAssistantApp-generated-files.hmap

WriteAuxiliaryFile /Users/user/project/slidepad/build/Build/Intermediates.noindex/CornerAssistantApp.build/Release/CornerAssistantApp.build/CornerAssistantApp-all-target-headers.hmap (in target 'CornerAssistantApp' from project 'CornerAssistantApp')
    cd /Users/user/project/slidepad/CornerAssistantApp
    write-file /Users/user/project/slidepad/build/Build/Intermediates.noindex/CornerAssistantApp.build/Release/CornerAssistantApp.build/CornerAssistantApp-all-target-headers.hmap

WriteAuxiliaryFile /Users/user/project/slidepad/build/Build/Intermediates.noindex/CornerAssistantApp.build/Release/CornerAssistantApp.build/CornerAssistantApp-all-non-framework-target-headers.hmap (in target 'CornerAssistantApp' from project 'CornerAssistantApp')
    cd /Users/user/project/slidepad/CornerAssistantApp
    write-file /Users/user/project/slidepad/build/Build/Intermediates.noindex/CornerAssistantApp.build/Release/CornerAssistantApp.build/CornerAssistantApp-all-non-framework-target-headers.hmap

MkDir /Users/user/project/slidepad/build/Build/Products/Release/CornerAssistantApp.app/Contents (in target 'CornerAssistantApp' from project 'CornerAssistantApp')
    cd /Users/user/project/slidepad/CornerAssistantApp
    /bin/mkdir -p /Users/user/project/slidepad/build/Build/Products/Release/CornerAssistantApp.app/Contents

MkDir /Users/user/project/slidepad/build/Build/Products/Release/CornerAssistantApp.app (in target 'CornerAssistantApp' from project 'CornerAssistantApp')
    cd /Users/user/project/slidepad/CornerAssistantApp
    /bin/mkdir -p /Users/user/project/slidepad/build/Build/Products/Release/CornerAssistantApp.app

MkDir /Users/user/project/slidepad/build/Build/Products/Release/CornerAssistantApp.app/Contents/Resources (in target 'CornerAssistantApp' from project 'CornerAssistantApp')
    cd /Users/user/project/slidepad/CornerAssistantApp
    /bin/mkdir -p /Users/user/project/slidepad/build/Build/Products/Release/CornerAssistantApp.app/Contents/Resources

MkDir /Users/user/project/slidepad/build/Build/Products/Release/CornerAssistantApp.app/Contents/MacOS (in target 'CornerAssistantApp' from project 'CornerAssistantApp')
    cd /Users/user/project/slidepad/CornerAssistantApp
    /bin/mkdir -p /Users/user/project/slidepad/build/Build/Products/Release/CornerAssistantApp.app/Contents/MacOS

MkDir /Users/user/project/slidepad/build/Build/Intermediates.noindex/CornerAssistantApp.build/Release/CornerAssistantApp.build/assetcatalog_output/thinned (in target 'CornerAssistantApp' from project 'CornerAssistantApp')
    cd /Users/user/project/slidepad/CornerAssistantApp
    /bin/mkdir -p /Users/user/project/slidepad/build/Build/Intermediates.noindex/CornerAssistantApp.build/Release/CornerAssistantApp.build/assetcatalog_output/thinned

MkDir /Users/user/project/slidepad/build/Build/Intermediates.noindex/CornerAssistantApp.build/Release/CornerAssistantApp.build/assetcatalog_output/unthinned (in target 'CornerAssistantApp' from project 'CornerAssistantApp')
    cd /Users/user/project/slidepad/CornerAssistantApp
    /bin/mkdir -p /Users/user/project/slidepad/build/Build/Intermediates.noindex/CornerAssistantApp.build/Release/CornerAssistantApp.build/assetcatalog_output/unthinned

GenerateAssetSymbols /Users/user/project/slidepad/CornerAssistantApp/CornerAssistantApp/Assets.xcassets (in target 'CornerAssistantApp' from project 'CornerAssistantApp')
    cd /Users/user/project/slidepad/CornerAssistantApp
    /Applications/Xcode.app/Contents/Developer/usr/bin/actool /Users/user/project/slidepad/CornerAssistantApp/CornerAssistantApp/Assets.xcassets --compile /Users/user/project/slidepad/build/Build/Products/Release/CornerAssistantApp.app/Contents/Resources --output-format human-readable-text --notices --warnings --export-dependency-info /Users/user/project/slidepad/build/Build/Intermediates.noindex/CornerAssistantApp.build/Release/CornerAssistantApp.build/assetcatalog_dependencies --output-partial-info-plist /Users/user/project/slidepad/build/Build/Intermediates.noindex/CornerAssistantApp.build/Release/CornerAssistantApp.build/assetcatalog_generated_info.plist --app-icon AppIcon --accent-color AccentColor --enable-on-demand-resources NO --development-region en --target-device mac --minimum-deployment-target 26.0 --platform macosx --bundle-identifier -23.CornerAssistantApp --generate-swift-asset-symbols /Users/user/project/slidepad/build/Build/Intermediates.noindex/CornerAssistantApp.build/Release/CornerAssistantApp.build/DerivedSources/GeneratedAssetSymbols.swift --generate-objc-asset-symbols /Users/user/project/slidepad/build/Build/Intermediates.noindex/CornerAssistantApp.build/Release/CornerAssistantApp.build/DerivedSources/GeneratedAssetSymbols.h --generate-asset-symbol-index /Users/user/project/slidepad/build/Build/Intermediates.noindex/CornerAssistantApp.build/Release/CornerAssistantApp.build/DerivedSources/GeneratedAssetSymbols-Index.plist
2025-11-05 10:15:12.756 ibtoold[79191:4623844] CoreSimulatorService connection became invalid.  Simulator services will no longer be available.
2025-11-05 10:15:12.756 ibtoold[79191:4623872] Logging connecton invalid: <OS_xpc_error: <dictionary: 0x209d27c30> { count = 1, transaction: 0, voucher = 0x0, contents =
	"XPCErrorDescription" => <string: 0x209d27d78> { string cache = 0x0, length = 18, contents = "Connection invalid" }
}>
2025-11-05 10:15:12.757 ibtoold[79191:4623872] Error opening log file (/Users/user/Library/Logs/CoreSimulator/CoreSimulator.com.apple.ibtool.log): Operation not permitted
[-[SimServiceContext sendRequest:]:1743] ERROR : Unable to deliver request ({
    "developer_dir" = "/Applications/Xcode.app/Contents/Developer";
    request = "set_developer_dir";
}) because we are not connected to CoreSimulatorService.
[-[SimServiceContext initWithDeveloperDir:connectionType:error:]:450] WARN  : Unable to discover any Simulator runtimes. Developer Directory is /Applications/Xcode.app/Contents/Developer.
[-[SimDiskImageManager init]:175] ERROR : Could not kickstart simdiskimaged; SimDiskImageManager services will not be available: Error Domain=NSPOSIXErrorDomain Code=53 "Software caused connection abort" UserInfo={NSLocalizedDescription=Error returned in reply from CoreSimulatorService: Connection invalid}
[-[SimDiskImageManager _onQueue_checkConnection:]:219] ERROR : simdiskimaged connection is currently unavailable because connection became invalid
[-[SimServiceContext initWithDeveloperDir:connectionType:error:]_block_invoke:486] ERROR : Could not get list of trusted mount directories: Error Domain=com.apple.CoreSimulator.SimError Code=409 "Cannot talk to the service used to manage runtime disk images (simdiskimaged) because its launchd job is not registered or was unloaded" UserInfo={NSLocalizedDescription=Cannot talk to the service used to manage runtime disk images (simdiskimaged) because its launchd job is not registered or was unloaded}
[-[SimDiskImageManager _onQueue_checkConnection:]:219] ERROR : simdiskimaged connection is currently unavailable because connection became invalid
[-[SimServiceContext sendRequest:reply:error:]:1763] ERROR : Unable to deliver request ({
    request = "notification_subscription";
    "set_path" = "/Users/user/Library/Developer/CoreSimulator/Devices";
}) because we are not connected to CoreSimulatorService.
2025-11-05 10:15:12.812 ibtoold[79191:4623842] Error Domain=NSPOSIXErrorDomain Code=61 "Connection refused" UserInfo={NSLocalizedDescription=CoreSimulatorService connection became invalid.  Simulator services will no longer be available.}
/* com.apple.actool.compilation-results */
/Users/user/project/slidepad/build/Build/Intermediates.noindex/CornerAssistantApp.build/Release/CornerAssistantApp.build/DerivedSources/GeneratedAssetSymbols-Index.plist
/Users/user/project/slidepad/build/Build/Intermediates.noindex/CornerAssistantApp.build/Release/CornerAssistantApp.build/DerivedSources/GeneratedAssetSymbols.h
/Users/user/project/slidepad/build/Build/Intermediates.noindex/CornerAssistantApp.build/Release/CornerAssistantApp.build/DerivedSources/GeneratedAssetSymbols.swift


CopyStringsFile /Users/user/project/slidepad/build/Build/Products/Release/CornerAssistantApp.app/Contents/Resources/zh-Hans.lproj/Localizable.strings /Users/user/project/slidepad/CornerAssistantApp/CornerAssistantApp/zh-Hans.lproj/Localizable.strings (in target 'CornerAssistantApp' from project 'CornerAssistantApp')
    cd /Users/user/project/slidepad/CornerAssistantApp
    builtin-copyStrings --validate --outputencoding UTF-16 --outfilename Localizable.strings --outdir /Users/user/project/slidepad/build/Build/Products/Release/CornerAssistantApp.app/Contents/Resources/zh-Hans.lproj -- /Users/user/project/slidepad/CornerAssistantApp/CornerAssistantApp/zh-Hans.lproj/Localizable.strings
/Users/user/project/slidepad/CornerAssistantApp/CornerAssistantApp/zh-Hans.lproj/Localizable.strings:1:1: note: detected encoding of input file as Unicode (UTF-8) (in target 'CornerAssistantApp' from project 'CornerAssistantApp')

CopyStringsFile /Users/user/project/slidepad/build/Build/Products/Release/CornerAssistantApp.app/Contents/Resources/ja.lproj/Localizable.strings /Users/user/project/slidepad/CornerAssistantApp/CornerAssistantApp/ja.lproj/Localizable.strings (in target 'CornerAssistantApp' from project 'CornerAssistantApp')
    cd /Users/user/project/slidepad/CornerAssistantApp
    builtin-copyStrings --validate --outputencoding UTF-16 --outfilename Localizable.strings --outdir /Users/user/project/slidepad/build/Build/Products/Release/CornerAssistantApp.app/Contents/Resources/ja.lproj -- /Users/user/project/slidepad/CornerAssistantApp/CornerAssistantApp/ja.lproj/Localizable.strings
/Users/user/project/slidepad/CornerAssistantApp/CornerAssistantApp/ja.lproj/Localizable.strings:1:1: note: detected encoding of input file as Unicode (UTF-8) (in target 'CornerAssistantApp' from project 'CornerAssistantApp')

CopyStringsFile /Users/user/project/slidepad/build/Build/Products/Release/CornerAssistantApp.app/Contents/Resources/en.lproj/Localizable.strings /Users/user/project/slidepad/CornerAssistantApp/CornerAssistantApp/en.lproj/Localizable.strings (in target 'CornerAssistantApp' from project 'CornerAssistantApp')
    cd /Users/user/project/slidepad/CornerAssistantApp
    builtin-copyStrings --validate --outputencoding UTF-16 --outfilename Localizable.strings --outdir /Users/user/project/slidepad/build/Build/Products/Release/CornerAssistantApp.app/Contents/Resources/en.lproj -- /Users/user/project/slidepad/CornerAssistantApp/CornerAssistantApp/en.lproj/Localizable.strings
/Users/user/project/slidepad/CornerAssistantApp/CornerAssistantApp/en.lproj/Localizable.strings:1:1: note: detected encoding of input file as Unicode (UTF-8) (in target 'CornerAssistantApp' from project 'CornerAssistantApp')

CompileAssetCatalogVariant thinned /Users/user/project/slidepad/build/Build/Products/Release/CornerAssistantApp.app/Contents/Resources /Users/user/project/slidepad/CornerAssistantApp/CornerAssistantApp/Assets.xcassets (in target 'CornerAssistantApp' from project 'CornerAssistantApp')
    cd /Users/user/project/slidepad/CornerAssistantApp
    /Applications/Xcode.app/Contents/Developer/usr/bin/actool /Users/user/project/slidepad/CornerAssistantApp/CornerAssistantApp/Assets.xcassets --compile /Users/user/project/slidepad/build/Build/Intermediates.noindex/CornerAssistantApp.build/Release/CornerAssistantApp.build/assetcatalog_output/thinned --output-format human-readable-text --notices --warnings --export-dependency-info /Users/user/project/slidepad/build/Build/Intermediates.noindex/CornerAssistantApp.build/Release/CornerAssistantApp.build/assetcatalog_dependencies_thinned --output-partial-info-plist /Users/user/project/slidepad/build/Build/Intermediates.noindex/CornerAssistantApp.build/Release/CornerAssistantApp.build/assetcatalog_generated_info.plist_thinned --app-icon AppIcon --accent-color AccentColor --enable-on-demand-resources NO --development-region en --target-device mac --minimum-deployment-target 26.0 --platform macosx
2025-11-05 10:15:12.700 ibtoold[79192:4623841] CoreSimulatorService connection became invalid.  Simulator services will no longer be available.
2025-11-05 10:15:12.701 ibtoold[79192:4623870] Logging connecton invalid: <OS_xpc_error: <dictionary: 0x209d27c30> { count = 1, transaction: 0, voucher = 0x0, contents =
	"XPCErrorDescription" => <string: 0x209d27d78> { string cache = 0x0, length = 18, contents = "Connection invalid" }
}>
2025-11-05 10:15:12.701 ibtoold[79192:4623870] Error opening log file (/Users/user/Library/Logs/CoreSimulator/CoreSimulator.com.apple.ibtool.log): Operation not permitted
[-[SimServiceContext sendRequest:]:1743] ERROR : Unable to deliver request ({
    "developer_dir" = "/Applications/Xcode.app/Contents/Developer";
    request = "set_developer_dir";
}) because we are not connected to CoreSimulatorService.
[-[SimServiceContext initWithDeveloperDir:connectionType:error:]:450] WARN  : Unable to discover any Simulator runtimes. Developer Directory is /Applications/Xcode.app/Contents/Developer.
[-[SimDiskImageManager init]:175] ERROR : Could not kickstart simdiskimaged; SimDiskImageManager services will not be available: Error Domain=NSPOSIXErrorDomain Code=53 "Software caused connection abort" UserInfo={NSLocalizedDescription=Error returned in reply from CoreSimulatorService: Connection invalid}
[-[SimDiskImageManager _onQueue_checkConnection:]:239] ERROR : simdiskimaged returned error (invalid), marking disconnected.
[-[SimDiskImageManager _onQueue_checkConnection:]:219] ERROR : simdiskimaged connection is currently unavailable because connection became invalid
[-[SimServiceContext initWithDeveloperDir:connectionType:error:]_block_invoke:486] ERROR : Could not get list of trusted mount directories: Error Domain=com.apple.CoreSimulator.SimError Code=409 "Cannot talk to the service used to manage runtime disk images (simdiskimaged) because its launchd job is not registered or was unloaded" UserInfo={NSLocalizedDescription=Cannot talk to the service used to manage runtime disk images (simdiskimaged) because its launchd job is not registered or was unloaded}
[-[SimServiceContext sendRequest:reply:error:]:1763] ERROR : Unable to deliver request ({
    request = "notification_subscription";
    "set_path" = "/Users/user/Library/Developer/CoreSimulator/Devices";
}) because we are not connected to CoreSimulatorService.
2025-11-05 10:15:12.766 ibtoold[79192:4623843] Error Domain=NSPOSIXErrorDomain Code=61 "Connection refused" UserInfo={NSLocalizedDescription=CoreSimulatorService connection became invalid.  Simulator services will no longer be available.}
/* com.apple.actool.compilation-results */
/Users/user/project/slidepad/build/Build/Intermediates.noindex/CornerAssistantApp.build/Release/CornerAssistantApp.build/assetcatalog_generated_info.plist_thinned


LinkAssetCatalog /Users/user/project/slidepad/CornerAssistantApp/CornerAssistantApp/Assets.xcassets (in target 'CornerAssistantApp' from project 'CornerAssistantApp')
    cd /Users/user/project/slidepad/CornerAssistantApp
    builtin-linkAssetCatalog --thinned /Users/user/project/slidepad/build/Build/Intermediates.noindex/CornerAssistantApp.build/Release/CornerAssistantApp.build/assetcatalog_output/thinned --thinned-dependencies /Users/user/project/slidepad/build/Build/Intermediates.noindex/CornerAssistantApp.build/Release/CornerAssistantApp.build/assetcatalog_dependencies_thinned --thinned-info-plist-content /Users/user/project/slidepad/build/Build/Intermediates.noindex/CornerAssistantApp.build/Release/CornerAssistantApp.build/assetcatalog_generated_info.plist_thinned --unthinned /Users/user/project/slidepad/build/Build/Intermediates.noindex/CornerAssistantApp.build/Release/CornerAssistantApp.build/assetcatalog_output/unthinned --unthinned-dependencies /Users/user/project/slidepad/build/Build/Intermediates.noindex/CornerAssistantApp.build/Release/CornerAssistantApp.build/assetcatalog_dependencies_unthinned --unthinned-info-plist-content /Users/user/project/slidepad/build/Build/Intermediates.noindex/CornerAssistantApp.build/Release/CornerAssistantApp.build/assetcatalog_generated_info.plist_unthinned --output /Users/user/project/slidepad/build/Build/Products/Release/CornerAssistantApp.app/Contents/Resources --plist-output /Users/user/project/slidepad/build/Build/Intermediates.noindex/CornerAssistantApp.build/Release/CornerAssistantApp.build/assetcatalog_generated_info.plist

ProcessInfoPlistFile /Users/user/project/slidepad/build/Build/Products/Release/CornerAssistantApp.app/Contents/Info.plist /Users/user/project/slidepad/build/Build/Intermediates.noindex/CornerAssistantApp.build/Release/CornerAssistantApp.build/empty-CornerAssistantApp.plist (in target 'CornerAssistantApp' from project 'CornerAssistantApp')
    cd /Users/user/project/slidepad/CornerAssistantApp
    builtin-infoPlistUtility /Users/user/project/slidepad/build/Build/Intermediates.noindex/CornerAssistantApp.build/Release/CornerAssistantApp.build/empty-CornerAssistantApp.plist -producttype com.apple.product-type.application -genpkginfo /Users/user/project/slidepad/build/Build/Products/Release/CornerAssistantApp.app/Contents/PkgInfo -expandbuildsettings -platform macosx -additionalcontentfile /Users/user/project/slidepad/build/Build/Intermediates.noindex/CornerAssistantApp.build/Release/CornerAssistantApp.build/assetcatalog_generated_info.plist -o /Users/user/project/slidepad/build/Build/Products/Release/CornerAssistantApp.app/Contents/Info.plist

SwiftDriver CornerAssistantApp normal arm64 com.apple.xcode.tools.swift.compiler (in target 'CornerAssistantApp' from project 'CornerAssistantApp')
    cd /Users/user/project/slidepad/CornerAssistantApp
    builtin-SwiftDriver -- /Applications/Xcode.app/Contents/Developer/Toolchains/XcodeDefault.xctoolchain/usr/bin/swiftc -module-name CornerAssistantApp -O -whole-module-optimization -enforce-exclusivity\=checked @/Users/user/project/slidepad/build/Build/Intermediates.noindex/CornerAssistantApp.build/Release/CornerAssistantApp.build/Objects-normal/arm64/CornerAssistantApp.SwiftFileList -default-isolation\=MainActor -enable-bare-slash-regex -enable-upcoming-feature DisableOutwardActorInference -enable-upcoming-feature InferSendableFromCaptures -enable-upcoming-feature GlobalActorIsolatedTypesUsability -enable-upcoming-feature MemberImportVisibility -enable-upcoming-feature InferIsolatedConformances -enable-upcoming-feature NonisolatedNonsendingByDefault -enable-experimental-feature DebugDescriptionMacro -sdk /Applications/Xcode.app/Contents/Developer/Platforms/MacOSX.platform/Developer/SDKs/MacOSX26.0.sdk -target arm64-apple-macos26.0 -g -module-cache-path /Users/user/project/slidepad/build/ModuleCache.noindex -Xfrontend -serialize-debugging-options -profile-coverage-mapping -profile-generate -swift-version 5 -I /Users/user/project/slidepad/build/Build/Products/Release -F /Users/user/project/slidepad/build/Build/Products/Release -emit-localized-strings -emit-localized-strings-path /Users/user/project/slidepad/build/Build/Intermediates.noindex/CornerAssistantApp.build/Release/CornerAssistantApp.build/Objects-normal/arm64 -c -num-threads 10 -Xcc -ivfsstatcache -Xcc /Users/user/project/slidepad/build/SDKStatCaches.noindex/macosx26.0-25A352-28806144b0707e398aac92880fa50324.sdkstatcache -output-file-map /Users/user/project/slidepad/build/Build/Intermediates.noindex/CornerAssistantApp.build/Release/CornerAssistantApp.build/Objects-normal/arm64/CornerAssistantApp-OutputFileMap.json -use-frontend-parseable-output -save-temps -no-color-diagnostics -explicit-module-build -module-cache-path /Users/user/project/slidepad/build/Build/Intermediates.noindex/SwiftExplicitPrecompiledModules -clang-scanner-module-cache-path /Users/user/project/slidepad/build/ModuleCache.noindex -sdk-module-cache-path /Users/user/project/slidepad/build/ModuleCache.noindex -serialize-diagnostics -emit-dependencies -emit-module -emit-module-path /Users/user/project/slidepad/build/Build/Intermediates.noindex/CornerAssistantApp.build/Release/CornerAssistantApp.build/Objects-normal/arm64/CornerAssistantApp.swiftmodule -validate-clang-modules-once -clang-build-session-file /Users/user/project/slidepad/build/ModuleCache.noindex/Session.modulevalidation -Xcc -I/Users/user/project/slidepad/build/Build/Intermediates.noindex/CornerAssistantApp.build/Release/CornerAssistantApp.build/swift-overrides.hmap -emit-const-values -Xfrontend -const-gather-protocols-file -Xfrontend /Users/user/project/slidepad/build/Build/Intermediates.noindex/CornerAssistantApp.build/Release/CornerAssistantApp.build/Objects-normal/arm64/CornerAssistantApp_const_extract_protocols.json -Xcc -iquote -Xcc /Users/user/project/slidepad/build/Build/Intermediates.noindex/CornerAssistantApp.build/Release/CornerAssistantApp.build/CornerAssistantApp-generated-files.hmap -Xcc -I/Users/user/project/slidepad/build/Build/Intermediates.noindex/CornerAssistantApp.build/Release/CornerAssistantApp.build/CornerAssistantApp-own-target-headers.hmap -Xcc -I/Users/user/project/slidepad/build/Build/Intermediates.noindex/CornerAssistantApp.build/Release/CornerAssistantApp.build/CornerAssistantApp-all-target-headers.hmap -Xcc -iquote -Xcc /Users/user/project/slidepad/build/Build/Intermediates.noindex/CornerAssistantApp.build/Release/CornerAssistantApp.build/CornerAssistantApp-project-headers.hmap -Xcc -I/Users/user/project/slidepad/build/Build/Products/Release/include -Xcc -I/Users/user/project/slidepad/build/Build/Intermediates.noindex/CornerAssistantApp.build/Release/CornerAssistantApp.build/DerivedSources-normal/arm64 -Xcc -I/Users/user/project/slidepad/build/Build/Intermediates.noindex/CornerAssistantApp.build/Release/CornerAssistantApp.build/DerivedSources/arm64 -Xcc -I/Users/user/project/slidepad/build/Build/Intermediates.noindex/CornerAssistantApp.build/Release/CornerAssistantApp.build/DerivedSources -emit-objc-header -emit-objc-header-path /Users/user/project/slidepad/build/Build/Intermediates.noindex/CornerAssistantApp.build/Release/CornerAssistantApp.build/Objects-normal/arm64/CornerAssistantApp-Swift.h -working-directory /Users/user/project/slidepad/CornerAssistantApp -no-emit-module-separately-wmo

SwiftCompile normal arm64 Compiling\ AppLanguage.swift,\ BingSearchProvider.swift,\ BrowserTab.swift,\ CornerAssistantApp.swift,\ GoogleSearchProvider.swift,\ HotCorner.swift,\ HotCornerStore.swift,\ LaunchAtLoginManager.swift,\ LocalizationManager.swift,\ PinnedSite.swift,\ PinnedSiteStore.swift,\ SearchProvider.swift,\ SlidePanelController.swift,\ SlidePanelView.swift,\ SlidePanelViewModel.swift,\ SuggestionStore.swift,\ WebViewStore.swift,\ GeneratedAssetSymbols.swift /Users/user/project/slidepad/CornerAssistantApp/CornerAssistantApp/AppLanguage.swift /Users/user/project/slidepad/CornerAssistantApp/CornerAssistantApp/BingSearchProvider.swift /Users/user/project/slidepad/CornerAssistantApp/CornerAssistantApp/BrowserTab.swift /Users/user/project/slidepad/CornerAssistantApp/CornerAssistantApp/CornerAssistantApp.swift /Users/user/project/slidepad/CornerAssistantApp/CornerAssistantApp/GoogleSearchProvider.swift /Users/user/project/slidepad/CornerAssistantApp/CornerAssistantApp/HotCorner.swift /Users/user/project/slidepad/CornerAssistantApp/CornerAssistantApp/HotCornerStore.swift /Users/user/project/slidepad/CornerAssistantApp/CornerAssistantApp/LaunchAtLoginManager.swift /Users/user/project/slidepad/CornerAssistantApp/CornerAssistantApp/LocalizationManager.swift /Users/user/project/slidepad/CornerAssistantApp/CornerAssistantApp/PinnedSite.swift /Users/user/project/slidepad/CornerAssistantApp/CornerAssistantApp/PinnedSiteStore.swift /Users/user/project/slidepad/CornerAssistantApp/CornerAssistantApp/SearchProvider.swift /Users/user/project/slidepad/CornerAssistantApp/CornerAssistantApp/SlidePanelController.swift /Users/user/project/slidepad/CornerAssistantApp/CornerAssistantApp/SlidePanelView.swift /Users/user/project/slidepad/CornerAssistantApp/CornerAssistantApp/SlidePanelViewModel.swift /Users/user/project/slidepad/CornerAssistantApp/CornerAssistantApp/SuggestionStore.swift /Users/user/project/slidepad/CornerAssistantApp/CornerAssistantApp/WebViewStore.swift /Users/user/project/slidepad/build/Build/Intermediates.noindex/CornerAssistantApp.build/Release/CornerAssistantApp.build/DerivedSources/GeneratedAssetSymbols.swift /Applications/Xcode.app/Contents/Developer/Toolchains/XcodeDefault.xctoolchain/usr/lib/swift/macosx/prebuilt-modules/26.0/Accessibility.swiftmodule/arm64e-apple-macos.swiftmodule /Applications/Xcode.app/Contents/Developer/Toolchains/XcodeDefault.xctoolchain/usr/lib/swift/macosx/prebuilt-modules/26.0/Network.swiftmodule/arm64e-apple-macos.swiftmodule /Applications/Xcode.app/Contents/Developer/Toolchains/XcodeDefault.xctoolchain/usr/lib/swift/macosx/prebuilt-modules/26.0/Observation.swiftmodule/arm64e-apple-macos.swiftmodule /Applications/Xcode.app/Contents/Developer/Toolchains/XcodeDefault.xctoolchain/usr/lib/swift/macosx/prebuilt-modules/26.0/WebKit.swiftmodule/arm64e-apple-macos.swiftmodule /Applications/Xcode.app/Contents/Developer/Toolchains/XcodeDefault.xctoolchain/usr/lib/swift/macosx/prebuilt-modules/26.0/AppKit.swiftmodule/arm64e-apple-macos.swiftmodule /Applications/Xcode.app/Contents/Developer/Toolchains/XcodeDefault.xctoolchain/usr/lib/swift/macosx/prebuilt-modules/26.0/Darwin.swiftmodule/arm64e-apple-macos.swiftmodule /Applications/Xcode.app/Contents/Developer/Toolchains/XcodeDefault.xctoolchain/usr/lib/swift/macosx/prebuilt-modules/26.0/_Builtin_float.swiftmodule/arm64e-apple-macos.swiftmodule /Applications/Xcode.app/Contents/Developer/Toolchains/XcodeDefault.xctoolchain/usr/lib/swift/macosx/prebuilt-modules/26.0/CoreData.swiftmodule/arm64e-apple-macos.swiftmodule /Applications/Xcode.app/Contents/Developer/Toolchains/XcodeDefault.xctoolchain/usr/lib/swift/macosx/prebuilt-modules/26.0/Combine.swiftmodule/arm64e-apple-macos.swiftmodule /Applications/Xcode.app/Contents/Developer/Toolchains/XcodeDefault.xctoolchain/usr/lib/swift/macosx/prebuilt-modules/26.0/_StringProcessing.swiftmodule/arm64e-apple-macos.swiftmodule /Applications/Xcode.app/Contents/Developer/Toolchains/XcodeDefault.xctoolchain/usr/lib/swift/macosx/prebuilt-modules/26.0/CoreFoundation.swiftmodule/arm64e-apple-macos.swiftmodule /Applications/Xcode.app/Contents/Developer/Toolchains/XcodeDefault.xctoolchain/usr/lib/swift/macosx/prebuilt-modules/26.0/CoreText.swiftmodule/arm64e-apple-macos.swiftmodule /Applications/Xcode.app/Contents/Developer/Toolchains/XcodeDefault.xctoolchain/usr/lib/swift/macosx/prebuilt-modules/26.0/CoreGraphics.swiftmodule/arm64e-apple-macos.swiftmodule /Applications/Xcode.app/Contents/Developer/Toolchains/XcodeDefault.xctoolchain/usr/lib/swift/macosx/prebuilt-modules/26.0/Foundation.swiftmodule/arm64e-apple-macos.swiftmodule /Applications/Xcode.app/Contents/Developer/Toolchains/XcodeDefault.xctoolchain/usr/lib/swift/macosx/prebuilt-modules/26.0/Dispatch.swiftmodule/arm64e-apple-macos.swiftmodule /Applications/Xcode.app/Contents/Developer/Toolchains/XcodeDefault.xctoolchain/usr/lib/swift/macosx/prebuilt-modules/26.0/XPC.swiftmodule/arm64e-apple-macos.swiftmodule /Applications/Xcode.app/Contents/Developer/Toolchains/XcodeDefault.xctoolchain/usr/lib/swift/macosx/prebuilt-modules/26.0/Spatial.swiftmodule/arm64e-apple-macos.swiftmodule /Applications/Xcode.app/Contents/Developer/Toolchains/XcodeDefault.xctoolchain/usr/lib/swift/macosx/prebuilt-modules/26.0/_DarwinFoundation1.swiftmodule/arm64e-apple-macos.swiftmodule /Applications/Xcode.app/Contents/Developer/Toolchains/XcodeDefault.xctoolchain/usr/lib/swift/macosx/prebuilt-modules/26.0/_WebKit_SwiftUI.swiftmodule/arm64e-apple-macos.swiftmodule /Applications/Xcode.app/Contents/Developer/Toolchains/XcodeDefault.xctoolchain/usr/lib/swift/macosx/prebuilt-modules/26.0/CoreImage.swiftmodule/arm64e-apple-macos.swiftmodule /Applications/Xcode.app/Contents/Developer/Toolchains/XcodeDefault.xctoolchain/usr/lib/swift/macosx/prebuilt-modules/26.0/IOKit.swiftmodule/arm64e-apple-macos.swiftmodule /Applications/Xcode.app/Contents/Developer/Toolchains/XcodeDefault.xctoolchain/usr/lib/swift/macosx/prebuilt-modules/26.0/CoreVideo.swiftmodule/arm64e-apple-macos.swiftmodule /Applications/Xcode.app/Contents/Developer/Toolchains/XcodeDefault.xctoolchain/usr/lib/swift/macosx/prebuilt-modules/26.0/_DarwinFoundation3.swiftmodule/arm64e-apple-macos.swiftmodule /Applications/Xcode.app/Contents/Developer/Toolchains/XcodeDefault.xctoolchain/usr/lib/swift/macosx/prebuilt-modules/26.0/DataDetection.swiftmodule/arm64e-apple-macos.swiftmodule /Applications/Xcode.app/Contents/Developer/Toolchains/XcodeDefault.xctoolchain/usr/lib/swift/macosx/prebuilt-modules/26.0/DeveloperToolsSupport.swiftmodule/arm64e-apple-macos.swiftmodule /Applications/Xcode.app/Contents/Developer/Toolchains/XcodeDefault.xctoolchain/usr/lib/swift/macosx/prebuilt-modules/26.0/Swift.swiftmodule/arm64e-apple-macos.swiftmodule /Applications/Xcode.app/Contents/Developer/Toolchains/XcodeDefault.xctoolchain/usr/lib/swift/macosx/prebuilt-modules/26.0/CoreTransferable.swiftmodule/arm64e-apple-macos.swiftmodule /Applications/Xcode.app/Contents/Developer/Toolchains/XcodeDefault.xctoolchain/usr/lib/swift/macosx/prebuilt-modules/26.0/Distributed.swiftmodule/arm64e-apple-macos.swiftmodule /Applications/Xcode.app/Contents/Developer/Toolchains/XcodeDefault.xctoolchain/usr/lib/swift/macosx/prebuilt-modules/26.0/UniformTypeIdentifiers.swiftmodule/arm64e-apple-macos.swiftmodule /Applications/Xcode.app/Contents/Developer/Toolchains/XcodeDefault.xctoolchain/usr/lib/swift/macosx/prebuilt-modules/26.0/Metal.swiftmodule/arm64e-apple-macos.swiftmodule /Applications/Xcode.app/Contents/Developer/Toolchains/XcodeDefault.xctoolchain/usr/lib/swift/macosx/prebuilt-modules/26.0/System.swiftmodule/arm64e-apple-macos.swiftmodule /Applications/Xcode.app/Contents/Developer/Toolchains/XcodeDefault.xctoolchain/usr/lib/swift/macosx/prebuilt-modules/26.0/QuartzCore.swiftmodule/arm64e-apple-macos.swiftmodule /Applications/Xcode.app/Contents/Developer/Toolchains/XcodeDefault.xctoolchain/usr/lib/swift/macosx/prebuilt-modules/26.0/SwiftUICore.swiftmodule/arm64e-apple-macos.swiftmodule /Applications/Xcode.app/Contents/Developer/Toolchains/XcodeDefault.xctoolchain/usr/lib/swift/macosx/prebuilt-modules/26.0/ObjectiveC.swiftmodule/arm64e-apple-macos.swiftmodule /Applications/Xcode.app/Contents/Developer/Toolchains/XcodeDefault.xctoolchain/usr/lib/swift/macosx/prebuilt-modules/26.0/SwiftUI.swiftmodule/arm64e-apple-macos.swiftmodule /Applications/Xcode.app/Contents/Developer/Toolchains/XcodeDefault.xctoolchain/usr/lib/swift/macosx/prebuilt-modules/26.0/Symbols.swiftmodule/arm64e-apple-macos.swiftmodule /Applications/Xcode.app/Contents/Developer/Toolchains/XcodeDefault.xctoolchain/usr/lib/swift/macosx/prebuilt-modules/26.0/OSLog.swiftmodule/arm64e-apple-macos.swiftmodule /Applications/Xcode.app/Contents/Developer/Toolchains/XcodeDefault.xctoolchain/usr/lib/swift/macosx/prebuilt-modules/26.0/_DarwinFoundation2.swiftmodule/arm64e-apple-macos.swiftmodule /Applications/Xcode.app/Contents/Developer/Toolchains/XcodeDefault.xctoolchain/usr/lib/swift/macosx/prebuilt-modules/26.0/_Concurrency.swiftmodule/arm64e-apple-macos.swiftmodule /Applications/Xcode.app/Contents/Developer/Toolchains/XcodeDefault.xctoolchain/usr/lib/swift/macosx/prebuilt-modules/26.0/os.swiftmodule/arm64e-apple-macos.swiftmodule /Applications/Xcode.app/Contents/Developer/Toolchains/XcodeDefault.xctoolchain/usr/lib/swift/macosx/prebuilt-modules/26.0/simd.swiftmodule/arm64e-apple-macos.swiftmodule /Users/user/project/slidepad/build/ModuleCache.noindex/_Builtin_tgmath-31SD801OHLAWZS30FSEMJB1AA.pcm /Users/user/project/slidepad/build/ModuleCache.noindex/CoreFoundation-60SGCFPMILTBI67B6ODBO0H7U.pcm /Users/user/project/slidepad/build/ModuleCache.noindex/_DarwinFoundation3-5I3I4BA2XBAQWPZDICYU17L9P.pcm /Users/user/project/slidepad/build/ModuleCache.noindex/CoreGraphics-D7PT8C2SNF4LKHRXU2WHFPYA5.pcm /Users/user/project/slidepad/build/ModuleCache.noindex/SwiftUI-ACI84IJP0HO1PZI1HI1ZETSX0.pcm /Users/user/project/slidepad/build/ModuleCache.noindex/SwiftShims-BGL1OYG3J8Q9DPXHW7DDQZ8K9.pcm /Users/user/project/slidepad/build/ModuleCache.noindex/ApplicationServices-8R7CH23DEZ9R41N6FQ0T0PTHO.pcm /Users/user/project/slidepad/build/ModuleCache.noindex/libDER-3AAQ3EBX8CP4CVZBI8AW5D9XC.pcm /Users/user/project/slidepad/build/ModuleCache.noindex/_SwiftConcurrencyShims-DY9SOFTKGM02UYLOTTQQ8FZ1N.pcm /Users/user/project/slidepad/build/ModuleCache.noindex/CUPS-LM9EZJFOJ3QE5STO5WIXS8YX.pcm /Users/user/project/slidepad/build/ModuleCache.noindex/_Builtin_stdatomic-733X3A5022KC0C68XGP3C3FOZ.pcm /Users/user/project/slidepad/build/ModuleCache.noindex/Security-DZCHPQ87UMY0DN0ENX8VCCLTT.pcm /Users/user/project/slidepad/build/ModuleCache.noindex/IOKit-2MBAMZD75XVRBFYXTB0CSUWCV.pcm /Users/user/project/slidepad/build/ModuleCache.noindex/DataDetection-BRBUPBE2G5KP2LXQ8LB5QFHHO.pcm /Users/user/project/slidepad/build/ModuleCache.noindex/sys_types-DXZYGHMDZAFE8EAGVEBE21KXC.pcm /Users/user/project/slidepad/build/ModuleCache.noindex/_Builtin_stddef-BDCMDJ6N8U9BKROND2C1U0WSM.pcm /Users/user/project/slidepad/build/ModuleCache.noindex/Symbols-4JP30RZ63EIZN73Q6OITYWSQ5.pcm /Users/user/project/slidepad/build/ModuleCache.noindex/Darwin-75BW12AA8Z85IOLQFS7Z130B9.pcm /Users/user/project/slidepad/build/ModuleCache.noindex/ptrcheck-DGAQK23XQWSK5P8VXAL219KI7.pcm /Users/user/project/slidepad/build/ModuleCache.noindex/_DarwinFoundation1-B5HTQOHH04LX6KWOE37ND4SHE.pcm /Users/user/project/slidepad/build/ModuleCache.noindex/_DarwinFoundation2-7ELV2ISCG3ZN37O3YAQQVC7O5.pcm /Users/user/project/slidepad/build/ModuleCache.noindex/_Builtin_intrinsics-3YAWCPNJ37386LMFKRIN7UX9V.pcm /Users/user/project/slidepad/build/ModuleCache.noindex/CoreImage-3RJL1U5TJ4RFRYYF3PLK7G06H.pcm /Users/user/project/slidepad/build/ModuleCache.noindex/_Builtin_limits-B2AP9M1K1TO7R9UHX8DL0RY0X.pcm /Users/user/project/slidepad/build/ModuleCache.noindex/CoreData-BLZ2TBG70U0YCL6E3OMJC3VED.pcm /Users/user/project/slidepad/build/ModuleCache.noindex/Spatial-5H4SQO7EOBTAAS7OMOLTXC3LL.pcm /Users/user/project/slidepad/build/ModuleCache.noindex/AppKit-3FT8VV8CR8M92KAUDEL7SD3S0.pcm /Users/user/project/slidepad/build/ModuleCache.noindex/UniformTypeIdentifiers-1GKNNO1B6KHICUHIRR2PVLH6X.pcm /Users/user/project/slidepad/build/ModuleCache.noindex/Accessibility-9XFB5O361A7IR4KOBKZ5GCKJT.pcm /Users/user/project/slidepad/build/ModuleCache.noindex/ImageIO-ZKYH93QQR0X3OLWAS5U1LQM1.pcm /Users/user/project/slidepad/build/ModuleCache.noindex/ObjectiveC-7IYTGFPBC6UBRSNUA07707I6R.pcm /Users/user/project/slidepad/build/ModuleCache.noindex/os_workgroup-DVYRTCWPVAV16R1GAC8OL42DU.pcm /Users/user/project/slidepad/build/ModuleCache.noindex/QuartzCore-925AZ78DLL0GQBOQY25LD1KD.pcm /Users/user/project/slidepad/build/ModuleCache.noindex/CoreVideo-54MBJPM670JMRK9SWBPDIHL2A.pcm /Users/user/project/slidepad/build/ModuleCache.noindex/DeveloperToolsSupport-26H0OQ88FFKUBQBFUM6Y8ZV0F.pcm /Users/user/project/slidepad/build/ModuleCache.noindex/_Builtin_float-7CT5DTRWK48WC5KAR8922DJ3N.pcm /Users/user/project/slidepad/build/ModuleCache.noindex/OpenGL-AYDS1DG30C79QOVPJL4BIW8CW.pcm /Users/user/project/slidepad/build/ModuleCache.noindex/_AvailabilityInternal-A2ES1FKFVQRWMBOB1ER5RDRAN.pcm /Users/user/project/slidepad/build/ModuleCache.noindex/IOSurface-26WKY9ZCVMNITYR20NAXTKXT6.pcm /Users/user/project/slidepad/build/ModuleCache.noindex/ColorSync-BGHRY5A6HM4IGVGPEI7GXPX06.pcm /Users/user/project/slidepad/build/ModuleCache.noindex/MachO-CDG80QUBBNAQYMZI2HASRSXUF.pcm /Users/user/project/slidepad/build/ModuleCache.noindex/CoreTransferable-2A5Y3OAMBYYSQSJKC54XYF9C8.pcm /Users/user/project/slidepad/build/ModuleCache.noindex/os-A7PFP3WTQ0STH1DKEAGPLBLDL.pcm /Users/user/project/slidepad/build/ModuleCache.noindex/Network-8CIOS2SBFZFMWVFZUXUO7L8IC.pcm /Users/user/project/slidepad/build/ModuleCache.noindex/libkern-E80EBEBO6KIRUCFL9WTH4W30X.pcm /Users/user/project/slidepad/build/ModuleCache.noindex/_Builtin_inttypes-BUM3HJN4AIQ8SLP9OVI9B5JME.pcm /Users/user/project/slidepad/build/ModuleCache.noindex/XPC-8RKDE3K0724XZ4ND4YF49ENX.pcm /Users/user/project/slidepad/build/ModuleCache.noindex/ptrauth-RYW6NXHW0KW20AU9DEFMPCAK.pcm /Users/user/project/slidepad/build/ModuleCache.noindex/OSLog-AG5871ZJ2P0OCTDEU71KZ8JHG.pcm /Users/user/project/slidepad/build/ModuleCache.noindex/os_object-ETR0H5IS3D82H7BXHT9P6LR2C.pcm /Users/user/project/slidepad/build/ModuleCache.noindex/_Builtin_stdint-CK06UISN8G0PQ0PPDXOO4FJNZ.pcm /Users/user/project/slidepad/build/ModuleCache.noindex/WebKit-5VQN7PH5W5Z41PVV7VQI9XK6B.pcm /Users/user/project/slidepad/build/ModuleCache.noindex/CoreText-9LYBQGLZSHV622T6ILB27HHL9.pcm /Users/user/project/slidepad/build/ModuleCache.noindex/DiskArbitration-XB7EI4HIOTVPWC5MSH81LGK0.pcm /Users/user/project/slidepad/build/ModuleCache.noindex/_Builtin_stdarg-6HSHEKTTUX18BGV7TM72ZBT61.pcm /Users/user/project/slidepad/build/ModuleCache.noindex/Dispatch-DBV6G0CKFNW0VR3WI1OFL6RV.pcm /Users/user/project/slidepad/build/ModuleCache.noindex/dnssd-11EDOGAC9T2DMUDZ9CQSZSCE7.pcm /Users/user/project/slidepad/build/ModuleCache.noindex/CFNetwork-8V6R8WU9OSO5PZXE9CYRMYH0.pcm /Users/user/project/slidepad/build/ModuleCache.noindex/CoreServices-ENB0ZHBUE27I838IHABD93KAQ.pcm /Users/user/project/slidepad/build/ModuleCache.noindex/_Builtin_stdbool-CH3J3P42CFQFRL6PPCEAQW6K.pcm /Users/user/project/slidepad/build/ModuleCache.noindex/simd-8OJJZSDGTYR8R9M5184KT982A.pcm /Users/user/project/slidepad/build/ModuleCache.noindex/JavaScriptCore-A8ALXDMA29D6DDQO7XQ5RDASE.pcm /Users/user/project/slidepad/build/ModuleCache.noindex/SwiftUICore-AI5FXJMZULYFC3AHERTRFAJKJ.pcm /Users/user/project/slidepad/build/ModuleCache.noindex/Foundation-1PUPPPC64G787DBEATY0MOIXK.pcm /Users/user/project/slidepad/build/ModuleCache.noindex/launch-7U5F5GSUEYSGW7TCR11JQD54V.pcm /Users/user/project/slidepad/build/ModuleCache.noindex/Metal-CKL6BVIKCZT5VZEH2BSOMBHZY.pcm /Users/user/project/slidepad/build/Build/Intermediates.noindex/CornerAssistantApp.build/Release/CornerAssistantApp.build/Objects-normal/arm64/CornerAssistantApp-dependencies-1.json (in target 'CornerAssistantApp' from project 'CornerAssistantApp')

CompileSwift normal arm64 (in target 'CornerAssistantApp' from project 'CornerAssistantApp')
    cd /Users/user/project/slidepad/CornerAssistantApp
    
/Users/user/project/slidepad/CornerAssistantApp/CornerAssistantApp/HotCorner.swift:9:67: warning: main actor-isolated static property 'shared' can not be referenced from a nonisolated context; this is an error in the Swift 6 language mode
    func localizedName(using localization: LocalizationManager = .shared) -> String {
                                                                  ^
/Users/user/project/slidepad/CornerAssistantApp/CornerAssistantApp/LocalizationManager.swift:6:16: note: static property declared here
    static let shared = LocalizationManager()
               ^
/Users/user/project/slidepad/CornerAssistantApp/CornerAssistantApp/SlidePanelView.swift:43:10: warning: 'onChange(of:perform:)' was deprecated in macOS 14.0: Use `onChange` with a two or zero parameter action closure instead.
        .onChange(of: isAddressFocused) { focused in
         ^
/Users/user/project/slidepad/CornerAssistantApp/CornerAssistantApp/SlidePanelView.swift:351:10: warning: 'onChange(of:perform:)' was deprecated in macOS 14.0: Use `onChange` with a two or zero parameter action closure instead.
        .onChange(of: isFocused) { focused in
         ^
/Users/user/project/slidepad/CornerAssistantApp/CornerAssistantApp/SlidePanelView.swift:366:18: warning: 'onChange(of:perform:)' was deprecated in macOS 14.0: Use `onChange` with a two or zero parameter action closure instead.
                .onChange(of: text, perform: onChange)
                 ^

SwiftDriver\ Compilation CornerAssistantApp normal arm64 com.apple.xcode.tools.swift.compiler (in target 'CornerAssistantApp' from project 'CornerAssistantApp')
    cd /Users/user/project/slidepad/CornerAssistantApp
    builtin-Swift-Compilation -- /Applications/Xcode.app/Contents/Developer/Toolchains/XcodeDefault.xctoolchain/usr/bin/swiftc -module-name CornerAssistantApp -O -whole-module-optimization -enforce-exclusivity\=checked @/Users/user/project/slidepad/build/Build/Intermediates.noindex/CornerAssistantApp.build/Release/CornerAssistantApp.build/Objects-normal/arm64/CornerAssistantApp.SwiftFileList -default-isolation\=MainActor -enable-bare-slash-regex -enable-upcoming-feature DisableOutwardActorInference -enable-upcoming-feature InferSendableFromCaptures -enable-upcoming-feature GlobalActorIsolatedTypesUsability -enable-upcoming-feature MemberImportVisibility -enable-upcoming-feature InferIsolatedConformances -enable-upcoming-feature NonisolatedNonsendingByDefault -enable-experimental-feature DebugDescriptionMacro -sdk /Applications/Xcode.app/Contents/Developer/Platforms/MacOSX.platform/Developer/SDKs/MacOSX26.0.sdk -target arm64-apple-macos26.0 -g -module-cache-path /Users/user/project/slidepad/build/ModuleCache.noindex -Xfrontend -serialize-debugging-options -profile-coverage-mapping -profile-generate -swift-version 5 -I /Users/user/project/slidepad/build/Build/Products/Release -F /Users/user/project/slidepad/build/Build/Products/Release -emit-localized-strings -emit-localized-strings-path /Users/user/project/slidepad/build/Build/Intermediates.noindex/CornerAssistantApp.build/Release/CornerAssistantApp.build/Objects-normal/arm64 -c -num-threads 10 -Xcc -ivfsstatcache -Xcc /Users/user/project/slidepad/build/SDKStatCaches.noindex/macosx26.0-25A352-28806144b0707e398aac92880fa50324.sdkstatcache -output-file-map /Users/user/project/slidepad/build/Build/Intermediates.noindex/CornerAssistantApp.build/Release/CornerAssistantApp.build/Objects-normal/arm64/CornerAssistantApp-OutputFileMap.json -use-frontend-parseable-output -save-temps -no-color-diagnostics -explicit-module-build -module-cache-path /Users/user/project/slidepad/build/Build/Intermediates.noindex/SwiftExplicitPrecompiledModules -clang-scanner-module-cache-path /Users/user/project/slidepad/build/ModuleCache.noindex -sdk-module-cache-path /Users/user/project/slidepad/build/ModuleCache.noindex -serialize-diagnostics -emit-dependencies -emit-module -emit-module-path /Users/user/project/slidepad/build/Build/Intermediates.noindex/CornerAssistantApp.build/Release/CornerAssistantApp.build/Objects-normal/arm64/CornerAssistantApp.swiftmodule -validate-clang-modules-once -clang-build-session-file /Users/user/project/slidepad/build/ModuleCache.noindex/Session.modulevalidation -Xcc -I/Users/user/project/slidepad/build/Build/Intermediates.noindex/CornerAssistantApp.build/Release/CornerAssistantApp.build/swift-overrides.hmap -emit-const-values -Xfrontend -const-gather-protocols-file -Xfrontend /Users/user/project/slidepad/build/Build/Intermediates.noindex/CornerAssistantApp.build/Release/CornerAssistantApp.build/Objects-normal/arm64/CornerAssistantApp_const_extract_protocols.json -Xcc -iquote -Xcc /Users/user/project/slidepad/build/Build/Intermediates.noindex/CornerAssistantApp.build/Release/CornerAssistantApp.build/CornerAssistantApp-generated-files.hmap -Xcc -I/Users/user/project/slidepad/build/Build/Intermediates.noindex/CornerAssistantApp.build/Release/CornerAssistantApp.build/CornerAssistantApp-own-target-headers.hmap -Xcc -I/Users/user/project/slidepad/build/Build/Intermediates.noindex/CornerAssistantApp.build/Release/CornerAssistantApp.build/CornerAssistantApp-all-target-headers.hmap -Xcc -iquote -Xcc /Users/user/project/slidepad/build/Build/Intermediates.noindex/CornerAssistantApp.build/Release/CornerAssistantApp.build/CornerAssistantApp-project-headers.hmap -Xcc -I/Users/user/project/slidepad/build/Build/Products/Release/include -Xcc -I/Users/user/project/slidepad/build/Build/Intermediates.noindex/CornerAssistantApp.build/Release/CornerAssistantApp.build/DerivedSources-normal/arm64 -Xcc -I/Users/user/project/slidepad/build/Build/Intermediates.noindex/CornerAssistantApp.build/Release/CornerAssistantApp.build/DerivedSources/arm64 -Xcc -I/Users/user/project/slidepad/build/Build/Intermediates.noindex/CornerAssistantApp.build/Release/CornerAssistantApp.build/DerivedSources -emit-objc-header -emit-objc-header-path /Users/user/project/slidepad/build/Build/Intermediates.noindex/CornerAssistantApp.build/Release/CornerAssistantApp.build/Objects-normal/arm64/CornerAssistantApp-Swift.h -working-directory /Users/user/project/slidepad/CornerAssistantApp -no-emit-module-separately-wmo

SwiftDriverJobDiscovery normal arm64 Compiling AppLanguage.swift, BingSearchProvider.swift, BrowserTab.swift, CornerAssistantApp.swift, GoogleSearchProvider.swift, HotCorner.swift, HotCornerStore.swift, LaunchAtLoginManager.swift, LocalizationManager.swift, PinnedSite.swift, PinnedSiteStore.swift, SearchProvider.swift, SlidePanelController.swift, SlidePanelView.swift, SlidePanelViewModel.swift, SuggestionStore.swift, WebViewStore.swift, GeneratedAssetSymbols.swift (in target 'CornerAssistantApp' from project 'CornerAssistantApp')

SwiftDriver\ Compilation\ Requirements CornerAssistantApp normal arm64 com.apple.xcode.tools.swift.compiler (in target 'CornerAssistantApp' from project 'CornerAssistantApp')
    cd /Users/user/project/slidepad/CornerAssistantApp
    builtin-Swift-Compilation-Requirements -- /Applications/Xcode.app/Contents/Developer/Toolchains/XcodeDefault.xctoolchain/usr/bin/swiftc -module-name CornerAssistantApp -O -whole-module-optimization -enforce-exclusivity\=checked @/Users/user/project/slidepad/build/Build/Intermediates.noindex/CornerAssistantApp.build/Release/CornerAssistantApp.build/Objects-normal/arm64/CornerAssistantApp.SwiftFileList -default-isolation\=MainActor -enable-bare-slash-regex -enable-upcoming-feature DisableOutwardActorInference -enable-upcoming-feature InferSendableFromCaptures -enable-upcoming-feature GlobalActorIsolatedTypesUsability -enable-upcoming-feature MemberImportVisibility -enable-upcoming-feature InferIsolatedConformances -enable-upcoming-feature NonisolatedNonsendingByDefault -enable-experimental-feature DebugDescriptionMacro -sdk /Applications/Xcode.app/Contents/Developer/Platforms/MacOSX.platform/Developer/SDKs/MacOSX26.0.sdk -target arm64-apple-macos26.0 -g -module-cache-path /Users/user/project/slidepad/build/ModuleCache.noindex -Xfrontend -serialize-debugging-options -profile-coverage-mapping -profile-generate -swift-version 5 -I /Users/user/project/slidepad/build/Build/Products/Release -F /Users/user/project/slidepad/build/Build/Products/Release -emit-localized-strings -emit-localized-strings-path /Users/user/project/slidepad/build/Build/Intermediates.noindex/CornerAssistantApp.build/Release/CornerAssistantApp.build/Objects-normal/arm64 -c -num-threads 10 -Xcc -ivfsstatcache -Xcc /Users/user/project/slidepad/build/SDKStatCaches.noindex/macosx26.0-25A352-28806144b0707e398aac92880fa50324.sdkstatcache -output-file-map /Users/user/project/slidepad/build/Build/Intermediates.noindex/CornerAssistantApp.build/Release/CornerAssistantApp.build/Objects-normal/arm64/CornerAssistantApp-OutputFileMap.json -use-frontend-parseable-output -save-temps -no-color-diagnostics -explicit-module-build -module-cache-path /Users/user/project/slidepad/build/Build/Intermediates.noindex/SwiftExplicitPrecompiledModules -clang-scanner-module-cache-path /Users/user/project/slidepad/build/ModuleCache.noindex -sdk-module-cache-path /Users/user/project/slidepad/build/ModuleCache.noindex -serialize-diagnostics -emit-dependencies -emit-module -emit-module-path /Users/user/project/slidepad/build/Build/Intermediates.noindex/CornerAssistantApp.build/Release/CornerAssistantApp.build/Objects-normal/arm64/CornerAssistantApp.swiftmodule -validate-clang-modules-once -clang-build-session-file /Users/user/project/slidepad/build/ModuleCache.noindex/Session.modulevalidation -Xcc -I/Users/user/project/slidepad/build/Build/Intermediates.noindex/CornerAssistantApp.build/Release/CornerAssistantApp.build/swift-overrides.hmap -emit-const-values -Xfrontend -const-gather-protocols-file -Xfrontend /Users/user/project/slidepad/build/Build/Intermediates.noindex/CornerAssistantApp.build/Release/CornerAssistantApp.build/Objects-normal/arm64/CornerAssistantApp_const_extract_protocols.json -Xcc -iquote -Xcc /Users/user/project/slidepad/build/Build/Intermediates.noindex/CornerAssistantApp.build/Release/CornerAssistantApp.build/CornerAssistantApp-generated-files.hmap -Xcc -I/Users/user/project/slidepad/build/Build/Intermediates.noindex/CornerAssistantApp.build/Release/CornerAssistantApp.build/CornerAssistantApp-own-target-headers.hmap -Xcc -I/Users/user/project/slidepad/build/Build/Intermediates.noindex/CornerAssistantApp.build/Release/CornerAssistantApp.build/CornerAssistantApp-all-target-headers.hmap -Xcc -iquote -Xcc /Users/user/project/slidepad/build/Build/Intermediates.noindex/CornerAssistantApp.build/Release/CornerAssistantApp.build/CornerAssistantApp-project-headers.hmap -Xcc -I/Users/user/project/slidepad/build/Build/Products/Release/include -Xcc -I/Users/user/project/slidepad/build/Build/Intermediates.noindex/CornerAssistantApp.build/Release/CornerAssistantApp.build/DerivedSources-normal/arm64 -Xcc -I/Users/user/project/slidepad/build/Build/Intermediates.noindex/CornerAssistantApp.build/Release/CornerAssistantApp.build/DerivedSources/arm64 -Xcc -I/Users/user/project/slidepad/build/Build/Intermediates.noindex/CornerAssistantApp.build/Release/CornerAssistantApp.build/DerivedSources -emit-objc-header -emit-objc-header-path /Users/user/project/slidepad/build/Build/Intermediates.noindex/CornerAssistantApp.build/Release/CornerAssistantApp.build/Objects-normal/arm64/CornerAssistantApp-Swift.h -working-directory /Users/user/project/slidepad/CornerAssistantApp -no-emit-module-separately-wmo

SwiftMergeGeneratedHeaders /Users/user/project/slidepad/build/Build/Intermediates.noindex/CornerAssistantApp.build/Release/CornerAssistantApp.build/DerivedSources/CornerAssistantApp-Swift.h /Users/user/project/slidepad/build/Build/Intermediates.noindex/CornerAssistantApp.build/Release/CornerAssistantApp.build/Objects-normal/arm64/CornerAssistantApp-Swift.h (in target 'CornerAssistantApp' from project 'CornerAssistantApp')
    cd /Users/user/project/slidepad/CornerAssistantApp
    builtin-swiftHeaderTool -arch arm64 /Users/user/project/slidepad/build/Build/Intermediates.noindex/CornerAssistantApp.build/Release/CornerAssistantApp.build/Objects-normal/arm64/CornerAssistantApp-Swift.h -o /Users/user/project/slidepad/build/Build/Intermediates.noindex/CornerAssistantApp.build/Release/CornerAssistantApp.build/DerivedSources/CornerAssistantApp-Swift.h

Copy /Users/user/project/slidepad/build/Build/Products/Release/CornerAssistantApp.swiftmodule/arm64-apple-macos.swiftdoc /Users/user/project/slidepad/build/Build/Intermediates.noindex/CornerAssistantApp.build/Release/CornerAssistantApp.build/Objects-normal/arm64/CornerAssistantApp.swiftdoc (in target 'CornerAssistantApp' from project 'CornerAssistantApp')
    cd /Users/user/project/slidepad/CornerAssistantApp
    builtin-copy -exclude .DS_Store -exclude CVS -exclude .svn -exclude .git -exclude .hg -resolve-src-symlinks -rename /Users/user/project/slidepad/build/Build/Intermediates.noindex/CornerAssistantApp.build/Release/CornerAssistantApp.build/Objects-normal/arm64/CornerAssistantApp.swiftdoc /Users/user/project/slidepad/build/Build/Products/Release/CornerAssistantApp.swiftmodule/arm64-apple-macos.swiftdoc

Copy /Users/user/project/slidepad/build/Build/Products/Release/CornerAssistantApp.swiftmodule/arm64-apple-macos.swiftmodule /Users/user/project/slidepad/build/Build/Intermediates.noindex/CornerAssistantApp.build/Release/CornerAssistantApp.build/Objects-normal/arm64/CornerAssistantApp.swiftmodule (in target 'CornerAssistantApp' from project 'CornerAssistantApp')
    cd /Users/user/project/slidepad/CornerAssistantApp
    builtin-copy -exclude .DS_Store -exclude CVS -exclude .svn -exclude .git -exclude .hg -resolve-src-symlinks -rename /Users/user/project/slidepad/build/Build/Intermediates.noindex/CornerAssistantApp.build/Release/CornerAssistantApp.build/Objects-normal/arm64/CornerAssistantApp.swiftmodule /Users/user/project/slidepad/build/Build/Products/Release/CornerAssistantApp.swiftmodule/arm64-apple-macos.swiftmodule

Copy /Users/user/project/slidepad/build/Build/Products/Release/CornerAssistantApp.swiftmodule/arm64-apple-macos.abi.json /Users/user/project/slidepad/build/Build/Intermediates.noindex/CornerAssistantApp.build/Release/CornerAssistantApp.build/Objects-normal/arm64/CornerAssistantApp.abi.json (in target 'CornerAssistantApp' from project 'CornerAssistantApp')
    cd /Users/user/project/slidepad/CornerAssistantApp
    builtin-copy -exclude .DS_Store -exclude CVS -exclude .svn -exclude .git -exclude .hg -resolve-src-symlinks -rename /Users/user/project/slidepad/build/Build/Intermediates.noindex/CornerAssistantApp.build/Release/CornerAssistantApp.build/Objects-normal/arm64/CornerAssistantApp.abi.json /Users/user/project/slidepad/build/Build/Products/Release/CornerAssistantApp.swiftmodule/arm64-apple-macos.abi.json

Copy /Users/user/project/slidepad/build/Build/Products/Release/CornerAssistantApp.swiftmodule/Project/arm64-apple-macos.swiftsourceinfo /Users/user/project/slidepad/build/Build/Intermediates.noindex/CornerAssistantApp.build/Release/CornerAssistantApp.build/Objects-normal/arm64/CornerAssistantApp.swiftsourceinfo (in target 'CornerAssistantApp' from project 'CornerAssistantApp')
    cd /Users/user/project/slidepad/CornerAssistantApp
    builtin-copy -exclude .DS_Store -exclude CVS -exclude .svn -exclude .git -exclude .hg -resolve-src-symlinks -rename /Users/user/project/slidepad/build/Build/Intermediates.noindex/CornerAssistantApp.build/Release/CornerAssistantApp.build/Objects-normal/arm64/CornerAssistantApp.swiftsourceinfo /Users/user/project/slidepad/build/Build/Products/Release/CornerAssistantApp.swiftmodule/Project/arm64-apple-macos.swiftsourceinfo

Ld /Users/user/project/slidepad/build/Build/Products/Release/CornerAssistantApp.app/Contents/MacOS/CornerAssistantApp normal (in target 'CornerAssistantApp' from project 'CornerAssistantApp')
    cd /Users/user/project/slidepad/CornerAssistantApp
    /Applications/Xcode.app/Contents/Developer/Toolchains/XcodeDefault.xctoolchain/usr/bin/clang -Xlinker -reproducible -target arm64-apple-macos26.0 -isysroot /Applications/Xcode.app/Contents/Developer/Platforms/MacOSX.platform/Developer/SDKs/MacOSX26.0.sdk -Os -L/Users/user/project/slidepad/build/Build/Intermediates.noindex/EagerLinkingTBDs/Release -L/Users/user/project/slidepad/build/Build/Products/Release -F/Users/user/project/slidepad/build/Build/Intermediates.noindex/EagerLinkingTBDs/Release -F/Users/user/project/slidepad/build/Build/Products/Release -filelist /Users/user/project/slidepad/build/Build/Intermediates.noindex/CornerAssistantApp.build/Release/CornerAssistantApp.build/Objects-normal/arm64/CornerAssistantApp.LinkFileList -Xlinker -rpath -Xlinker @executable_path/../Frameworks -Xlinker -object_path_lto -Xlinker /Users/user/project/slidepad/build/Build/Intermediates.noindex/CornerAssistantApp.build/Release/CornerAssistantApp.build/Objects-normal/arm64/CornerAssistantApp_lto.o -Xlinker -debug_variant -Xlinker -dependency_info -Xlinker /Users/user/project/slidepad/build/Build/Intermediates.noindex/CornerAssistantApp.build/Release/CornerAssistantApp.build/Objects-normal/arm64/CornerAssistantApp_dependency_info.dat -fobjc-link-runtime -fprofile-instr-generate -L/Applications/Xcode.app/Contents/Developer/Toolchains/XcodeDefault.xctoolchain/usr/lib/swift/macosx -L/usr/lib/swift -Xlinker -add_ast_path -Xlinker /Users/user/project/slidepad/build/Build/Intermediates.noindex/CornerAssistantApp.build/Release/CornerAssistantApp.build/Objects-normal/arm64/CornerAssistantApp.swiftmodule @/Users/user/project/slidepad/build/Build/Intermediates.noindex/CornerAssistantApp.build/Release/CornerAssistantApp.build/Objects-normal/arm64/CornerAssistantApp-linker-args.resp -o /Users/user/project/slidepad/build/Build/Products/Release/CornerAssistantApp.app/Contents/MacOS/CornerAssistantApp

CopySwiftLibs /Users/user/project/slidepad/build/Build/Products/Release/CornerAssistantApp.app (in target 'CornerAssistantApp' from project 'CornerAssistantApp')
    cd /Users/user/project/slidepad/CornerAssistantApp
    builtin-swiftStdLibTool --copy --verbose --scan-executable /Users/user/project/slidepad/build/Build/Products/Release/CornerAssistantApp.app/Contents/MacOS/CornerAssistantApp --scan-folder /Users/user/project/slidepad/build/Build/Products/Release/CornerAssistantApp.app/Contents/Frameworks --scan-folder /Users/user/project/slidepad/build/Build/Products/Release/CornerAssistantApp.app/Contents/PlugIns --scan-folder /Users/user/project/slidepad/build/Build/Products/Release/CornerAssistantApp.app/Contents/Library/SystemExtensions --scan-folder /Users/user/project/slidepad/build/Build/Products/Release/CornerAssistantApp.app/Contents/Extensions --platform macosx --toolchain /Applications/Xcode.app/Contents/Developer/Toolchains/XcodeDefault.xctoolchain --destination /Users/user/project/slidepad/build/Build/Products/Release/CornerAssistantApp.app/Contents/Frameworks --strip-bitcode --strip-bitcode-tool /Applications/Xcode.app/Contents/Developer/Toolchains/XcodeDefault.xctoolchain/usr/bin/bitcode_strip --emit-dependency-info /Users/user/project/slidepad/build/Build/Intermediates.noindex/CornerAssistantApp.build/Release/CornerAssistantApp.build/SwiftStdLibToolInputDependencies.dep --filter-for-swift-os
Ignoring --strip-bitcode because --sign was not passed

ExtractAppIntentsMetadata (in target 'CornerAssistantApp' from project 'CornerAssistantApp')
    cd /Users/user/project/slidepad/CornerAssistantApp
    /Applications/Xcode.app/Contents/Developer/Toolchains/XcodeDefault.xctoolchain/usr/bin/appintentsmetadataprocessor --toolchain-dir /Applications/Xcode.app/Contents/Developer/Toolchains/XcodeDefault.xctoolchain --module-name CornerAssistantApp --sdk-root /Applications/Xcode.app/Contents/Developer/Platforms/MacOSX.platform/Developer/SDKs/MacOSX26.0.sdk --xcode-version 17A400 --platform-family macOS --deployment-target 26.0 --bundle-identifier -23.CornerAssistantApp --output /Users/user/project/slidepad/build/Build/Products/Release/CornerAssistantApp.app/Contents/Resources --target-triple arm64-apple-macos26.0 --binary-file /Users/user/project/slidepad/build/Build/Products/Release/CornerAssistantApp.app/Contents/MacOS/CornerAssistantApp --dependency-file /Users/user/project/slidepad/build/Build/Intermediates.noindex/CornerAssistantApp.build/Release/CornerAssistantApp.build/Objects-normal/arm64/CornerAssistantApp_dependency_info.dat --stringsdata-file /Users/user/project/slidepad/build/Build/Intermediates.noindex/CornerAssistantApp.build/Release/CornerAssistantApp.build/Objects-normal/arm64/ExtractedAppShortcutsMetadata.stringsdata --source-file-list /Users/user/project/slidepad/build/Build/Intermediates.noindex/CornerAssistantApp.build/Release/CornerAssistantApp.build/Objects-normal/arm64/CornerAssistantApp.SwiftFileList --metadata-file-list /Users/user/project/slidepad/build/Build/Intermediates.noindex/CornerAssistantApp.build/Release/CornerAssistantApp.build/CornerAssistantApp.DependencyMetadataFileList --static-metadata-file-list /Users/user/project/slidepad/build/Build/Intermediates.noindex/CornerAssistantApp.build/Release/CornerAssistantApp.build/CornerAssistantApp.DependencyStaticMetadataFileList --swift-const-vals-list /Users/user/project/slidepad/build/Build/Intermediates.noindex/CornerAssistantApp.build/Release/CornerAssistantApp.build/Objects-normal/arm64/CornerAssistantApp.SwiftConstValuesFileList --compile-time-extraction --deployment-aware-processing --validate-assistant-intents --no-app-shortcuts-localization
2025-11-05 10:15:16.451 appintentsmetadataprocessor[79211:4624095] Starting appintentsmetadataprocessor export
2025-11-05 10:15:16.452 appintentsmetadataprocessor[79211:4624095] warning: Metadata extraction skipped. No AppIntents.framework dependency found.

GenerateDSYMFile /Users/user/project/slidepad/build/Build/Products/Release/CornerAssistantApp.app.dSYM /Users/user/project/slidepad/build/Build/Products/Release/CornerAssistantApp.app/Contents/MacOS/CornerAssistantApp (in target 'CornerAssistantApp' from project 'CornerAssistantApp')
    cd /Users/user/project/slidepad/CornerAssistantApp
    /Applications/Xcode.app/Contents/Developer/Toolchains/XcodeDefault.xctoolchain/usr/bin/dsymutil /Users/user/project/slidepad/build/Build/Products/Release/CornerAssistantApp.app/Contents/MacOS/CornerAssistantApp -o /Users/user/project/slidepad/build/Build/Products/Release/CornerAssistantApp.app.dSYM

RegisterExecutionPolicyException /Users/user/project/slidepad/build/Build/Products/Release/CornerAssistantApp.app (in target 'CornerAssistantApp' from project 'CornerAssistantApp')
    cd /Users/user/project/slidepad/CornerAssistantApp
    builtin-RegisterExecutionPolicyException /Users/user/project/slidepad/build/Build/Products/Release/CornerAssistantApp.app

Validate /Users/user/project/slidepad/build/Build/Products/Release/CornerAssistantApp.app (in target 'CornerAssistantApp' from project 'CornerAssistantApp')
    cd /Users/user/project/slidepad/CornerAssistantApp
    builtin-validationUtility /Users/user/project/slidepad/build/Build/Products/Release/CornerAssistantApp.app -no-validate-extension -infoplist-subpath Contents/Info.plist

Touch /Users/user/project/slidepad/build/Build/Products/Release/CornerAssistantApp.app (in target 'CornerAssistantApp' from project 'CornerAssistantApp')
    cd /Users/user/project/slidepad/CornerAssistantApp
    /usr/bin/touch -c /Users/user/project/slidepad/build/Build/Products/Release/CornerAssistantApp.app

RegisterWithLaunchServices /Users/user/project/slidepad/build/Build/Products/Release/CornerAssistantApp.app (in target 'CornerAssistantApp' from project 'CornerAssistantApp')
    cd /Users/user/project/slidepad/CornerAssistantApp
    /System/Library/Frameworks/CoreServices.framework/Versions/Current/Frameworks/LaunchServices.framework/Versions/Current/Support/lsregister -f -R -trusted /Users/user/project/slidepad/build/Build/Products/Release/CornerAssistantApp.app

** BUILD SUCCEEDED **

